# JRE version: Java(TM) SE Runtime Environment (8.0_05-b13) (build 1.8.0_05-b13)
# Java VM: Java HotSpot(TM) 64-Bit Server VM (25.5-b02 mixed mode linux-amd64 compressed oops)
Heap:
 def new generation   total 22144K, used 6393K [0x00000000e2400000, 0x00000000e3c00000, 0x00000000ec2a0000)
  eden space 19712K,  20% used [0x00000000e2400000, 0x00000000e27de710, 0x00000000e3740000)
  from space 2432K, 100% used [0x00000000e3740000, 0x00000000e39a0000, 0x00000000e39a0000)
  to   space 2432K,   0% used [0x00000000e39a0000, 0x00000000e39a0000, 0x00000000e3c00000)
 tenured generation   total 49016K, used 28230K [0x00000000ec2a0000, 0x00000000ef27e000, 0x0000000100000000)
   the space 49016K,  57% used [0x00000000ec2a0000, 0x00000000ede31a20, 0x00000000ede31c00, 0x00000000ef27e000)
 Metaspace       used 23480K, capacity 23832K, committed 23936K, reserved 1069056K
  class space    used 3372K, capacity 3449K, committed 3456K, reserved 1048576K
GC Heap History (10 events):
Event: 311,348 GC heap before
{Heap before GC invocations=178 (full 19):
 def new generation   total 22144K, used 22144K [0x00000000e2400000, 0x00000000e3c00000, 0x00000000ec2a0000)
  eden space 19712K, 100% used [0x00000000e2400000, 0x00000000e3740000, 0x00000000e3740000)
  from space 2432K, 100% used [0x00000000e3740000, 0x00000000e39a0000, 0x00000000e39a0000)
  to   space 2432K,   0% used [0x00000000e39a0000, 0x00000000e39a0000, 0x00000000e3c00000)
 tenured generation   total 49016K, used 48134K [0x00000000ec2a0000, 0x00000000ef27e000, 0x0000000100000000)
   the space 49016K,  98% used [0x00000000ec2a0000, 0x00000000ef1a18a8, 0x00000000ef1a1a00, 0x00000000ef27e000)
 Metaspace       used 23464K, capacity 23828K, committed 23936K, reserved 1069056K
  class space    used 3372K, capacity 3449K, committed 3456K, reserved 1048576K
Event: 311,861 GC heap after
Heap after GC invocations=179 (full 20):
 def new generation   total 22144K, used 0K [0x00000000e2400000, 0x00000000e3c00000, 0x00000000ec2a0000)
  eden space 19712K,   0% used [0x00000000e2400000, 0x00000000e2400000, 0x00000000e3740000)
  from space 2432K,   0% used [0x00000000e39a0000, 0x00000000e39a0000, 0x00000000e3c00000)
  to   space 2432K,   0% used [0x00000000e3740000, 0x00000000e3740000, 0x00000000e39a0000)
 tenured generation   total 49016K, used 19596K [0x00000000ec2a0000, 0x00000000ef27e000, 0x0000000100000000)
   the space 49016K,  39% used [0x00000000ec2a0000, 0x00000000ed5c3138, 0x00000000ed5c3200, 0x00000000ef27e000)
 Metaspace       used 23464K, capacity 23828K, committed 23936K, reserved 1069056K
  class space    used 3372K, capacity 3449K, committed 3456K, reserved 1048576K
}
Event: 312,186 GC heap before
{Heap before GC invocations=179 (full 20):
 def new generation   total 22144K, used 19712K [0x00000000e2400000, 0x00000000e3c00000, 0x00000000ec2a0000)
  eden space 19712K, 100% used [0x00000000e2400000, 0x00000000e3740000, 0x00000000e3740000)
  from space 2432K,   0% used [0x00000000e39a0000, 0x00000000e39a0000, 0x00000000e3c00000)
  to   space 2432K,   0% used [0x00000000e3740000, 0x00000000e3740000, 0x00000000e39a0000)
 tenured generation   total 49016K, used 19596K [0x00000000ec2a0000, 0x00000000ef27e000, 0x0000000100000000)
   the space 49016K,  39% used [0x00000000ec2a0000, 0x00000000ed5c3138, 0x00000000ed5c3200, 0x00000000ef27e000)
 Metaspace       used 23464K, capacity 23828K, committed 23936K, reserved 1069056K
  class space    used 3372K, capacity 3449K, committed 3456K, reserved 1048576K
Event: 312,248 GC heap after
Heap after GC invocations=180 (full 20):
 def new generation   total 22144K, used 2431K [0x00000000e2400000, 0x00000000e3c00000, 0x00000000ec2a0000)
  eden space 19712K,   0% used [0x00000000e2400000, 0x00000000e2400000, 0x00000000e3740000)
  from space 2432K,  99% used [0x00000000e3740000, 0x00000000e399fff8, 0x00000000e39a0000)
  to   space 2432K,   0% used [0x00000000e39a0000, 0x00000000e39a0000, 0x00000000e3c00000)
 tenured generation   total 49016K, used 24965K [0x00000000ec2a0000, 0x00000000ef27e000, 0x0000000100000000)
   the space 49016K,  50% used [0x00000000ec2a0000, 0x00000000edb01718, 0x00000000edb01800, 0x00000000ef27e000)
 Metaspace       used 23464K, capacity 23828K, committed 23936K, reserved 1069056K
  class space    used 3372K, capacity 3449K, committed 3456K, reserved 1048576K
}
Event: 312,466 GC heap before
{Heap before GC invocations=180 (full 20):
 def new generation   total 22144K, used 22143K [0x00000000e2400000, 0x00000000e3c00000, 0x00000000ec2a0000)
  eden space 19712K, 100% used [0x00000000e2400000, 0x00000000e3740000, 0x00000000e3740000)
  from space 2432K,  99% used [0x00000000e3740000, 0x00000000e399fff8, 0x00000000e39a0000)
  to   space 2432K,   0% used [0x00000000e39a0000, 0x00000000e39a0000, 0x00000000e3c00000)
 tenured generation   total 49016K, used 24965K [0x00000000ec2a0000, 0x00000000ef27e000, 0x0000000100000000)
   the space 49016K,  50% used [0x00000000ec2a0000, 0x00000000edb01718, 0x00000000edb01800, 0x00000000ef27e000)
 Metaspace       used 23465K, capacity 23828K, committed 23936K, reserved 1069056K
  class space    used 3372K, capacity 3449K, committed 3456K, reserved 1048576K
Event: 312,582 GC heap after
Heap after GC invocations=181 (full 20):
 def new generation   total 22144K, used 2432K [0x00000000e2400000, 0x00000000e3c00000, 0x00000000ec2a0000)
  eden space 19712K,   0% used [0x00000000e2400000, 0x00000000e2400000, 0x00000000e3740000)
  from space 2432K, 100% used [0x00000000e39a0000, 0x00000000e3c00000, 0x00000000e3c00000)
  to   space 2432K,   0% used [0x00000000e3740000, 0x00000000e3740000, 0x00000000e39a0000)
 tenured generation   total 49016K, used 32970K [0x00000000ec2a0000, 0x00000000ef27e000, 0x0000000100000000)
   the space 49016K,  67% used [0x00000000ec2a0000, 0x00000000ee2d2850, 0x00000000ee2d2a00, 0x00000000ef27e000)
 Metaspace       used 23465K, capacity 23828K, committed 23936K, reserved 1069056K
  class space    used 3372K, capacity 3449K, committed 3456K, reserved 1048576K
}
Event: 312,884 GC heap before
{Heap before GC invocations=181 (full 20):
 def new generation   total 22144K, used 22144K [0x00000000e2400000, 0x00000000e3c00000, 0x00000000ec2a0000)
  eden space 19712K, 100% used [0x00000000e2400000, 0x00000000e3740000, 0x00000000e3740000)
  from space 2432K, 100% used [0x00000000e39a0000, 0x00000000e3c00000, 0x00000000e3c00000)
  to   space 2432K,   0% used [0x00000000e3740000, 0x00000000e3740000, 0x00000000e39a0000)
 tenured generation   total 49016K, used 32970K [0x00000000ec2a0000, 0x00000000ef27e000, 0x0000000100000000)
   the space 49016K,  67% used [0x00000000ec2a0000, 0x00000000ee2d2850, 0x00000000ee2d2a00, 0x00000000ef27e000)
 Metaspace       used 23477K, capacity 23828K, committed 23936K, reserved 1069056K
  class space    used 3372K, capacity 3449K, committed 3456K, reserved 1048576K
Event: 313,035 GC heap after
Heap after GC invocations=182 (full 20):
 def new generation   total 22144K, used 2431K [0x00000000e2400000, 0x00000000e3c00000, 0x00000000ec2a0000)
  eden space 19712K,   0% used [0x00000000e2400000, 0x00000000e2400000, 0x00000000e3740000)
  from space 2432K,  99% used [0x00000000e3740000, 0x00000000e399fff8, 0x00000000e39a0000)
  to   space 2432K,   0% used [0x00000000e39a0000, 0x00000000e39a0000, 0x00000000e3c00000)
 tenured generation   total 49016K, used 41146K [0x00000000ec2a0000, 0x00000000ef27e000, 0x0000000100000000)
   the space 49016K,  83% used [0x00000000ec2a0000, 0x00000000eeaceac8, 0x00000000eeacec00, 0x00000000ef27e000)
 Metaspace       used 23477K, capacity 23828K, committed 23936K, reserved 1069056K
  class space    used 3372K, capacity 3449K, committed 3456K, reserved 1048576K
}
Event: 313,301 GC heap before
{Heap before GC invocations=182 (full 20):
 def new generation   total 22144K, used 22143K [0x00000000e2400000, 0x00000000e3c00000, 0x00000000ec2a0000)
  eden space 19712K, 100% used [0x00000000e2400000, 0x00000000e3740000, 0x00000000e3740000)
  from space 2432K,  99% used [0x00000000e3740000, 0x00000000e399fff8, 0x00000000e39a0000)
  to   space 2432K,   0% used [0x00000000e39a0000, 0x00000000e39a0000, 0x00000000e3c00000)
 tenured generation   total 49016K, used 41146K [0x00000000ec2a0000, 0x00000000ef27e000, 0x0000000100000000)
   the space 49016K,  83% used [0x00000000ec2a0000, 0x00000000eeaceac8, 0x00000000eeacec00, 0x00000000ef27e000)
 Metaspace       used 23480K, capacity 23832K, committed 23936K, reserved 1069056K
  class space    used 3372K, capacity 3449K, committed 3456K, reserved 1048576K
Event: 313,753 GC heap after
Heap after GC invocations=183 (full 21):
 def new generation   total 22144K, used 0K [0x00000000e2400000, 0x00000000e3c00000, 0x00000000ec2a0000)
  eden space 19712K,   0% used [0x00000000e2400000, 0x00000000e2400000, 0x00000000e3740000)
  from space 2432K,   0% used [0x00000000e39a0000, 0x00000000e39a0000, 0x00000000e3c00000)
  to   space 2432K,   0% used [0x00000000e3740000, 0x00000000e3740000, 0x00000000e39a0000)
 tenured generation   total 49016K, used 22481K [0x00000000ec2a0000, 0x00000000ef27e000, 0x0000000100000000)
   the space 49016K,  45% used [0x00000000ec2a0000, 0x00000000ed894640, 0x00000000ed894800, 0x00000000ef27e000)
 Metaspace       used 23480K, capacity 23832K, committed 23936K, reserved 1069056K
  class space    used 3372K, capacity 3449K, committed 3456K, reserved 1048576K
}

